SF:lib\model\user_model.dart
DA:6,2
DA:12,2
DA:13,6
DA:14,0
DA:16,4
DA:17,1
DA:19,4
DA:20,1
DA:23,16
DA:27,2
DA:28,2
DA:29,2
DA:31,4
DA:33,2
DA:35,2
DA:37,2
DA:45,1
DA:46,1
DA:47,1
DA:48,1
DA:53,1
DA:54,1
DA:55,1
DA:56,1
LF:24
LH:23
end_of_record
SF:lib\repositories\user_repository.dart
DA:8,1
DA:11,1
DA:14,2
DA:17,1
DA:18,1
DA:22,3
DA:23,3
LF:7
LH:7
end_of_record
SF:lib\viewmodel\imc_viewmodel.dart
DA:10,3
DA:15,1
DA:17,3
DA:18,3
DA:21,2
DA:24,2
DA:25,6
DA:26,6
DA:28,2
DA:31,2
DA:32,4
DA:33,2
DA:34,2
DA:36,4
DA:37,4
DA:39,2
LF:16
LH:16
end_of_record
SF:lib\main.dart
DA:8,0
DA:9,0
DA:10,0
DA:11,0
DA:12,0
DA:13,0
DA:21,3
DA:23,1
LF:8
LH:2
end_of_record
SF:lib\view\pages\home\home_page.dart
DA:7,3
DA:9,2
DA:10,2
DA:18,2
DA:20,2
DA:21,2
DA:22,2
DA:27,2
DA:28,2
DA:29,0
DA:30,0
DA:37,2
DA:39,2
DA:40,2
DA:41,2
DA:43,2
DA:45,2
DA:59,2
DA:60,0
DA:61,0
DA:67,2
DA:81,2
DA:82,0
DA:83,0
DA:89,2
DA:91,2
DA:93,2
DA:94,0
DA:95,0
DA:97,0
DA:99,0
DA:101,0
DA:102,0
DA:103,0
DA:110,0
DA:119,2
DA:121,2
DA:122,2
DA:135,2
DA:136,2
DA:138,0
LF:41
LH:26
end_of_record
